{"C:\\Users\\mattp\\Documents\\Dev\\Vidly_Node.js\\index.js": {"path":"C:\\Users\\mattp\\Documents\\Dev\\Vidly_Node.js\\index.js","statementMap":{"0":{"start":{"line":1,"column":16},"end":{"line":1,"column":34}},"1":{"start":{"line":2,"column":12},"end":{"line":2,"column":21}},"2":{"start":{"line":3,"column":16},"end":{"line":3,"column":34}},"3":{"start":{"line":5,"column":0},"end":{"line":5,"column":31}},"4":{"start":{"line":6,"column":0},"end":{"line":6,"column":33}},"5":{"start":{"line":7,"column":0},"end":{"line":7,"column":26}},"6":{"start":{"line":8,"column":0},"end":{"line":8,"column":30}},"7":{"start":{"line":9,"column":0},"end":{"line":9,"column":34}},"8":{"start":{"line":11,"column":13},"end":{"line":11,"column":37}},"9":{"start":{"line":13,"column":15},"end":{"line":13,"column":83}},"10":{"start":{"line":13,"column":38},"end":{"line":13,"column":82}},"11":{"start":{"line":15,"column":0},"end":{"line":15,"column":24}}},"fnMap":{"0":{"name":"(anonymous_0)","decl":{"start":{"line":13,"column":32},"end":{"line":13,"column":33}},"loc":{"start":{"line":13,"column":38},"end":{"line":13,"column":82}},"line":13}},"branchMap":{"0":{"loc":{"start":{"line":11,"column":13},"end":{"line":11,"column":37}},"type":"binary-expr","locations":[{"start":{"line":11,"column":13},"end":{"line":11,"column":29}},{"start":{"line":11,"column":33},"end":{"line":11,"column":37}}],"line":11}},"s":{"0":3,"1":3,"2":3,"3":3,"4":3,"5":3,"6":3,"7":3,"8":3,"9":3,"10":3,"11":3},"f":{"0":3},"b":{"0":[3,3]},"_coverageSchema":"43e27e138ebf9cfc5966b082cf9a028302ed4184","hash":"9a0ea19f72fac41ddaf3abc58c7309bef4f543e6"}
,"C:\\Users\\mattp\\Documents\\Dev\\Vidly_Node.js\\middleware\\admin.js": {"path":"C:\\Users\\mattp\\Documents\\Dev\\Vidly_Node.js\\middleware\\admin.js","statementMap":{"0":{"start":{"line":1,"column":0},"end":{"line":4,"column":1}},"1":{"start":{"line":2,"column":4},"end":{"line":2,"column":73}},"2":{"start":{"line":2,"column":27},"end":{"line":2,"column":73}},"3":{"start":{"line":3,"column":4},"end":{"line":3,"column":11}}},"fnMap":{"0":{"name":"(anonymous_0)","decl":{"start":{"line":1,"column":17},"end":{"line":1,"column":18}},"loc":{"start":{"line":1,"column":42},"end":{"line":4,"column":1}},"line":1}},"branchMap":{"0":{"loc":{"start":{"line":2,"column":4},"end":{"line":2,"column":73}},"type":"if","locations":[{"start":{"line":2,"column":4},"end":{"line":2,"column":73}},{"start":{"line":2,"column":4},"end":{"line":2,"column":73}}],"line":2}},"s":{"0":3,"1":0,"2":0,"3":0},"f":{"0":0},"b":{"0":[0,0]},"_coverageSchema":"43e27e138ebf9cfc5966b082cf9a028302ed4184","hash":"c71a6f41078fe6a98e91f50d03e72eb493961984"}
,"C:\\Users\\mattp\\Documents\\Dev\\Vidly_Node.js\\middleware\\auth.js": {"path":"C:\\Users\\mattp\\Documents\\Dev\\Vidly_Node.js\\middleware\\auth.js","statementMap":{"0":{"start":{"line":1,"column":12},"end":{"line":1,"column":35}},"1":{"start":{"line":2,"column":15},"end":{"line":2,"column":32}},"2":{"start":{"line":5,"column":18},"end":{"line":5,"column":44}},"3":{"start":{"line":6,"column":4},"end":{"line":6,"column":81}},"4":{"start":{"line":6,"column":16},"end":{"line":6,"column":81}},"5":{"start":{"line":8,"column":4},"end":{"line":15,"column":5}},"6":{"start":{"line":9,"column":24},"end":{"line":9,"column":70}},"7":{"start":{"line":10,"column":8},"end":{"line":10,"column":27}},"8":{"start":{"line":11,"column":8},"end":{"line":11,"column":15}},"9":{"start":{"line":14,"column":8},"end":{"line":14,"column":47}},"10":{"start":{"line":18,"column":0},"end":{"line":18,"column":22}}},"fnMap":{"0":{"name":"auth","decl":{"start":{"line":4,"column":9},"end":{"line":4,"column":13}},"loc":{"start":{"line":4,"column":30},"end":{"line":16,"column":1}},"line":4}},"branchMap":{"0":{"loc":{"start":{"line":6,"column":4},"end":{"line":6,"column":81}},"type":"if","locations":[{"start":{"line":6,"column":4},"end":{"line":6,"column":81}},{"start":{"line":6,"column":4},"end":{"line":6,"column":81}}],"line":6}},"s":{"0":4,"1":4,"2":19,"3":19,"4":3,"5":16,"6":16,"7":15,"8":15,"9":1,"10":4},"f":{"0":19},"b":{"0":[3,16]},"_coverageSchema":"43e27e138ebf9cfc5966b082cf9a028302ed4184","hash":"fff821db3268bc23e65815be7bd89378b981bc8f"}
,"C:\\Users\\mattp\\Documents\\Dev\\Vidly_Node.js\\middleware\\error.js": {"path":"C:\\Users\\mattp\\Documents\\Dev\\Vidly_Node.js\\middleware\\error.js","statementMap":{"0":{"start":{"line":1,"column":16},"end":{"line":1,"column":34}},"1":{"start":{"line":3,"column":0},"end":{"line":7,"column":1}},"2":{"start":{"line":4,"column":4},"end":{"line":4,"column":36}},"3":{"start":{"line":5,"column":4},"end":{"line":5,"column":63}},"4":{"start":{"line":6,"column":4},"end":{"line":6,"column":11}}},"fnMap":{"0":{"name":"(anonymous_0)","decl":{"start":{"line":3,"column":17},"end":{"line":3,"column":18}},"loc":{"start":{"line":3,"column":47},"end":{"line":7,"column":1}},"line":3}},"branchMap":{},"s":{"0":3,"1":3,"2":0,"3":0,"4":0},"f":{"0":0},"b":{},"_coverageSchema":"43e27e138ebf9cfc5966b082cf9a028302ed4184","hash":"1feaf9723f7b64b20400ad95b912e024632f745c"}
,"C:\\Users\\mattp\\Documents\\Dev\\Vidly_Node.js\\middleware\\validate.js": {"path":"C:\\Users\\mattp\\Documents\\Dev\\Vidly_Node.js\\middleware\\validate.js","statementMap":{"0":{"start":{"line":1,"column":17},"end":{"line":7,"column":1}},"1":{"start":{"line":2,"column":4},"end":{"line":6,"column":5}},"2":{"start":{"line":3,"column":26},"end":{"line":3,"column":45}},"3":{"start":{"line":4,"column":8},"end":{"line":4,"column":73}},"4":{"start":{"line":4,"column":19},"end":{"line":4,"column":73}},"5":{"start":{"line":5,"column":8},"end":{"line":5,"column":15}},"6":{"start":{"line":9,"column":0},"end":{"line":9,"column":26}}},"fnMap":{"0":{"name":"(anonymous_0)","decl":{"start":{"line":1,"column":17},"end":{"line":1,"column":18}},"loc":{"start":{"line":1,"column":32},"end":{"line":7,"column":1}},"line":1},"1":{"name":"(anonymous_1)","decl":{"start":{"line":2,"column":11},"end":{"line":2,"column":12}},"loc":{"start":{"line":2,"column":31},"end":{"line":6,"column":5}},"line":2}},"branchMap":{"0":{"loc":{"start":{"line":4,"column":8},"end":{"line":4,"column":73}},"type":"if","locations":[{"start":{"line":4,"column":8},"end":{"line":4,"column":73}},{"start":{"line":4,"column":8},"end":{"line":4,"column":73}}],"line":4}},"s":{"0":3,"1":3,"2":9,"3":9,"4":2,"5":7,"6":3},"f":{"0":3,"1":9},"b":{"0":[2,7]},"_coverageSchema":"43e27e138ebf9cfc5966b082cf9a028302ed4184","hash":"9a4e5f719298c0e4800a52e7d63a4d526a11ed0e"}
,"C:\\Users\\mattp\\Documents\\Dev\\Vidly_Node.js\\middleware\\validateObjectId.js": {"path":"C:\\Users\\mattp\\Documents\\Dev\\Vidly_Node.js\\middleware\\validateObjectId.js","statementMap":{"0":{"start":{"line":1,"column":17},"end":{"line":1,"column":36}},"1":{"start":{"line":3,"column":0},"end":{"line":7,"column":1}},"2":{"start":{"line":4,"column":4},"end":{"line":5,"column":50}},"3":{"start":{"line":5,"column":8},"end":{"line":5,"column":50}},"4":{"start":{"line":6,"column":4},"end":{"line":6,"column":11}}},"fnMap":{"0":{"name":"(anonymous_0)","decl":{"start":{"line":3,"column":17},"end":{"line":3,"column":18}},"loc":{"start":{"line":3,"column":42},"end":{"line":7,"column":1}},"line":3}},"branchMap":{"0":{"loc":{"start":{"line":4,"column":4},"end":{"line":5,"column":50}},"type":"if","locations":[{"start":{"line":4,"column":4},"end":{"line":5,"column":50}},{"start":{"line":4,"column":4},"end":{"line":5,"column":50}}],"line":4}},"s":{"0":3,"1":3,"2":2,"3":1,"4":1},"f":{"0":2},"b":{"0":[1,1]},"_coverageSchema":"43e27e138ebf9cfc5966b082cf9a028302ed4184","hash":"7b4db0146eec8abb0214d86e6f353b56290f3d14"}
,"C:\\Users\\mattp\\Documents\\Dev\\Vidly_Node.js\\models\\customer.js": {"path":"C:\\Users\\mattp\\Documents\\Dev\\Vidly_Node.js\\models\\customer.js","statementMap":{"0":{"start":{"line":1,"column":12},"end":{"line":1,"column":26}},"1":{"start":{"line":2,"column":17},"end":{"line":2,"column":36}},"2":{"start":{"line":4,"column":23},"end":{"line":21,"column":2}},"3":{"start":{"line":23,"column":17},"end":{"line":23,"column":59}},"4":{"start":{"line":26,"column":19},"end":{"line":30,"column":5}},"5":{"start":{"line":32,"column":4},"end":{"line":32,"column":42}},"6":{"start":{"line":35,"column":0},"end":{"line":35,"column":28}},"7":{"start":{"line":36,"column":0},"end":{"line":36,"column":36}},"8":{"start":{"line":37,"column":0},"end":{"line":37,"column":40}}},"fnMap":{"0":{"name":"validateCustomer","decl":{"start":{"line":25,"column":9},"end":{"line":25,"column":25}},"loc":{"start":{"line":25,"column":36},"end":{"line":33,"column":1}},"line":25}},"branchMap":{},"s":{"0":3,"1":3,"2":3,"3":3,"4":0,"5":0,"6":3,"7":3,"8":3},"f":{"0":0},"b":{},"_coverageSchema":"43e27e138ebf9cfc5966b082cf9a028302ed4184","hash":"a8a446458948e009a351bdedb72bedfc754e5afb"}
,"C:\\Users\\mattp\\Documents\\Dev\\Vidly_Node.js\\models\\genre.js": {"path":"C:\\Users\\mattp\\Documents\\Dev\\Vidly_Node.js\\models\\genre.js","statementMap":{"0":{"start":{"line":1,"column":12},"end":{"line":1,"column":26}},"1":{"start":{"line":2,"column":17},"end":{"line":2,"column":36}},"2":{"start":{"line":4,"column":20},"end":{"line":11,"column":2}},"3":{"start":{"line":13,"column":14},"end":{"line":13,"column":50}},"4":{"start":{"line":16,"column":19},"end":{"line":18,"column":5}},"5":{"start":{"line":20,"column":4},"end":{"line":20,"column":39}},"6":{"start":{"line":23,"column":0},"end":{"line":23,"column":22}},"7":{"start":{"line":24,"column":0},"end":{"line":24,"column":33}},"8":{"start":{"line":25,"column":0},"end":{"line":25,"column":34}}},"fnMap":{"0":{"name":"validateGenre","decl":{"start":{"line":15,"column":9},"end":{"line":15,"column":22}},"loc":{"start":{"line":15,"column":30},"end":{"line":21,"column":1}},"line":15}},"branchMap":{},"s":{"0":3,"1":3,"2":3,"3":3,"4":5,"5":5,"6":3,"7":3,"8":3},"f":{"0":5},"b":{},"_coverageSchema":"43e27e138ebf9cfc5966b082cf9a028302ed4184","hash":"2633f3ea300475b56c969a76e84f7a399e25f55d"}
,"C:\\Users\\mattp\\Documents\\Dev\\Vidly_Node.js\\models\\movie.js": {"path":"C:\\Users\\mattp\\Documents\\Dev\\Vidly_Node.js\\models\\movie.js","statementMap":{"0":{"start":{"line":1,"column":12},"end":{"line":1,"column":26}},"1":{"start":{"line":2,"column":17},"end":{"line":2,"column":36}},"2":{"start":{"line":3,"column":24},"end":{"line":3,"column":42}},"3":{"start":{"line":5,"column":14},"end":{"line":29,"column":3}},"4":{"start":{"line":32,"column":19},"end":{"line":37,"column":5}},"5":{"start":{"line":39,"column":4},"end":{"line":39,"column":39}},"6":{"start":{"line":42,"column":0},"end":{"line":42,"column":22}},"7":{"start":{"line":43,"column":0},"end":{"line":43,"column":33}}},"fnMap":{"0":{"name":"validateMovie","decl":{"start":{"line":31,"column":9},"end":{"line":31,"column":22}},"loc":{"start":{"line":31,"column":30},"end":{"line":40,"column":1}},"line":31}},"branchMap":{},"s":{"0":3,"1":3,"2":3,"3":3,"4":0,"5":0,"6":3,"7":3},"f":{"0":0},"b":{},"_coverageSchema":"43e27e138ebf9cfc5966b082cf9a028302ed4184","hash":"baedc2a89f562c7f4580df4f7fdd73967f8b3a3b"}
,"C:\\Users\\mattp\\Documents\\Dev\\Vidly_Node.js\\models\\rental.js": {"path":"C:\\Users\\mattp\\Documents\\Dev\\Vidly_Node.js\\models\\rental.js","statementMap":{"0":{"start":{"line":1,"column":17},"end":{"line":1,"column":36}},"1":{"start":{"line":2,"column":12},"end":{"line":2,"column":26}},"2":{"start":{"line":3,"column":15},"end":{"line":3,"column":32}},"3":{"start":{"line":5,"column":21},"end":{"line":57,"column":2}},"4":{"start":{"line":59,"column":0},"end":{"line":64,"column":1}},"5":{"start":{"line":60,"column":4},"end":{"line":63,"column":7}},"6":{"start":{"line":66,"column":0},"end":{"line":71,"column":1}},"7":{"start":{"line":67,"column":4},"end":{"line":67,"column":35}},"8":{"start":{"line":69,"column":23},"end":{"line":69,"column":58}},"9":{"start":{"line":70,"column":4},"end":{"line":70,"column":61}},"10":{"start":{"line":73,"column":15},"end":{"line":73,"column":53}},"11":{"start":{"line":76,"column":19},"end":{"line":79,"column":5}},"12":{"start":{"line":81,"column":4},"end":{"line":81,"column":40}},"13":{"start":{"line":84,"column":0},"end":{"line":84,"column":24}},"14":{"start":{"line":85,"column":0},"end":{"line":85,"column":34}}},"fnMap":{"0":{"name":"(anonymous_0)","decl":{"start":{"line":59,"column":30},"end":{"line":59,"column":31}},"loc":{"start":{"line":59,"column":60},"end":{"line":64,"column":1}},"line":59},"1":{"name":"(anonymous_1)","decl":{"start":{"line":66,"column":30},"end":{"line":66,"column":31}},"loc":{"start":{"line":66,"column":41},"end":{"line":71,"column":1}},"line":66},"2":{"name":"validateRental","decl":{"start":{"line":75,"column":9},"end":{"line":75,"column":23}},"loc":{"start":{"line":75,"column":32},"end":{"line":82,"column":1}},"line":75}},"branchMap":{},"s":{"0":3,"1":3,"2":3,"3":3,"4":3,"5":7,"6":3,"7":5,"8":5,"9":5,"10":3,"11":0,"12":0,"13":3,"14":3},"f":{"0":7,"1":5,"2":0},"b":{},"_coverageSchema":"43e27e138ebf9cfc5966b082cf9a028302ed4184","hash":"c1e6d8e975193f0db11ca16e35992535501b087c"}
,"C:\\Users\\mattp\\Documents\\Dev\\Vidly_Node.js\\models\\user.js": {"path":"C:\\Users\\mattp\\Documents\\Dev\\Vidly_Node.js\\models\\user.js","statementMap":{"0":{"start":{"line":1,"column":12},"end":{"line":1,"column":26}},"1":{"start":{"line":2,"column":17},"end":{"line":2,"column":36}},"2":{"start":{"line":3,"column":12},"end":{"line":3,"column":35}},"3":{"start":{"line":4,"column":15},"end":{"line":4,"column":32}},"4":{"start":{"line":6,"column":19},"end":{"line":27,"column":2}},"5":{"start":{"line":29,"column":0},"end":{"line":32,"column":1}},"6":{"start":{"line":30,"column":18},"end":{"line":30,"column":97}},"7":{"start":{"line":31,"column":4},"end":{"line":31,"column":17}},"8":{"start":{"line":34,"column":12},"end":{"line":34,"column":46}},"9":{"start":{"line":37,"column":19},"end":{"line":42,"column":5}},"10":{"start":{"line":44,"column":4},"end":{"line":44,"column":38}},"11":{"start":{"line":47,"column":0},"end":{"line":47,"column":20}},"12":{"start":{"line":48,"column":0},"end":{"line":48,"column":32}}},"fnMap":{"0":{"name":"(anonymous_0)","decl":{"start":{"line":29,"column":39},"end":{"line":29,"column":40}},"loc":{"start":{"line":29,"column":50},"end":{"line":32,"column":1}},"line":29},"1":{"name":"validateUser","decl":{"start":{"line":36,"column":9},"end":{"line":36,"column":21}},"loc":{"start":{"line":36,"column":28},"end":{"line":45,"column":1}},"line":36}},"branchMap":{},"s":{"0":5,"1":5,"2":5,"3":5,"4":5,"5":5,"6":23,"7":23,"8":5,"9":0,"10":0,"11":5,"12":5},"f":{"0":23,"1":0},"b":{},"_coverageSchema":"43e27e138ebf9cfc5966b082cf9a028302ed4184","hash":"f67d5fc6ffebaa784dbc8f0574e43c93da959854"}
,"C:\\Users\\mattp\\Documents\\Dev\\Vidly_Node.js\\routes\\auth.js": {"path":"C:\\Users\\mattp\\Documents\\Dev\\Vidly_Node.js\\routes\\auth.js","statementMap":{"0":{"start":{"line":1,"column":15},"end":{"line":1,"column":32}},"1":{"start":{"line":2,"column":17},"end":{"line":2,"column":42}},"2":{"start":{"line":3,"column":16},"end":{"line":3,"column":34}},"3":{"start":{"line":4,"column":15},"end":{"line":4,"column":31}},"4":{"start":{"line":5,"column":12},"end":{"line":5,"column":26}},"5":{"start":{"line":7,"column":0},"end":{"line":19,"column":3}},"6":{"start":{"line":8,"column":22},"end":{"line":8,"column":40}},"7":{"start":{"line":9,"column":4},"end":{"line":9,"column":68}},"8":{"start":{"line":9,"column":14},"end":{"line":9,"column":68}},"9":{"start":{"line":11,"column":15},"end":{"line":11,"column":58}},"10":{"start":{"line":12,"column":4},"end":{"line":12,"column":73}},"11":{"start":{"line":12,"column":15},"end":{"line":12,"column":73}},"12":{"start":{"line":14,"column":26},"end":{"line":14,"column":80}},"13":{"start":{"line":15,"column":4},"end":{"line":15,"column":82}},"14":{"start":{"line":15,"column":24},"end":{"line":15,"column":82}},"15":{"start":{"line":17,"column":18},"end":{"line":17,"column":42}},"16":{"start":{"line":18,"column":4},"end":{"line":18,"column":20}},"17":{"start":{"line":22,"column":19},"end":{"line":25,"column":5}},"18":{"start":{"line":27,"column":4},"end":{"line":27,"column":37}},"19":{"start":{"line":30,"column":0},"end":{"line":30,"column":24}}},"fnMap":{"0":{"name":"(anonymous_0)","decl":{"start":{"line":7,"column":16},"end":{"line":7,"column":17}},"loc":{"start":{"line":7,"column":36},"end":{"line":19,"column":1}},"line":7},"1":{"name":"validate","decl":{"start":{"line":21,"column":9},"end":{"line":21,"column":17}},"loc":{"start":{"line":21,"column":23},"end":{"line":28,"column":1}},"line":21}},"branchMap":{"0":{"loc":{"start":{"line":9,"column":4},"end":{"line":9,"column":68}},"type":"if","locations":[{"start":{"line":9,"column":4},"end":{"line":9,"column":68}},{"start":{"line":9,"column":4},"end":{"line":9,"column":68}}],"line":9},"1":{"loc":{"start":{"line":12,"column":4},"end":{"line":12,"column":73}},"type":"if","locations":[{"start":{"line":12,"column":4},"end":{"line":12,"column":73}},{"start":{"line":12,"column":4},"end":{"line":12,"column":73}}],"line":12},"2":{"loc":{"start":{"line":15,"column":4},"end":{"line":15,"column":82}},"type":"if","locations":[{"start":{"line":15,"column":4},"end":{"line":15,"column":82}},{"start":{"line":15,"column":4},"end":{"line":15,"column":82}}],"line":15}},"s":{"0":3,"1":3,"2":3,"3":3,"4":3,"5":3,"6":0,"7":0,"8":0,"9":0,"10":0,"11":0,"12":0,"13":0,"14":0,"15":0,"16":0,"17":0,"18":0,"19":3},"f":{"0":0,"1":0},"b":{"0":[0,0],"1":[0,0],"2":[0,0]},"_coverageSchema":"43e27e138ebf9cfc5966b082cf9a028302ed4184","hash":"fbc1fe058fa2d4ea99205a7543a7ce011d35b27b"}
,"C:\\Users\\mattp\\Documents\\Dev\\Vidly_Node.js\\routes\\customers.js": {"path":"C:\\Users\\mattp\\Documents\\Dev\\Vidly_Node.js\\routes\\customers.js","statementMap":{"0":{"start":{"line":1,"column":16},"end":{"line":1,"column":34}},"1":{"start":{"line":2,"column":15},"end":{"line":2,"column":31}},"2":{"start":{"line":3,"column":31},"end":{"line":3,"column":60}},"3":{"start":{"line":4,"column":13},"end":{"line":4,"column":42}},"4":{"start":{"line":6,"column":0},"end":{"line":10,"column":3}},"5":{"start":{"line":7,"column":22},"end":{"line":7,"column":43}},"6":{"start":{"line":9,"column":4},"end":{"line":9,"column":24}},"7":{"start":{"line":12,"column":0},"end":{"line":18,"column":3}},"8":{"start":{"line":13,"column":21},"end":{"line":13,"column":59}},"9":{"start":{"line":15,"column":4},"end":{"line":15,"column":79}},"10":{"start":{"line":15,"column":19},"end":{"line":15,"column":79}},"11":{"start":{"line":17,"column":4},"end":{"line":17,"column":23}},"12":{"start":{"line":20,"column":0},"end":{"line":36,"column":3}},"13":{"start":{"line":24,"column":22},"end":{"line":24,"column":40}},"14":{"start":{"line":25,"column":4},"end":{"line":25,"column":69}},"15":{"start":{"line":25,"column":15},"end":{"line":25,"column":69}},"16":{"start":{"line":27,"column":22},"end":{"line":31,"column":6}},"17":{"start":{"line":33,"column":4},"end":{"line":33,"column":43}},"18":{"start":{"line":35,"column":4},"end":{"line":35,"column":26}},"19":{"start":{"line":38,"column":0},"end":{"line":54,"column":3}},"20":{"start":{"line":39,"column":22},"end":{"line":39,"column":40}},"21":{"start":{"line":40,"column":4},"end":{"line":40,"column":69}},"22":{"start":{"line":40,"column":15},"end":{"line":40,"column":69}},"23":{"start":{"line":42,"column":21},"end":{"line":49,"column":5}},"24":{"start":{"line":51,"column":4},"end":{"line":51,"column":71}},"25":{"start":{"line":51,"column":19},"end":{"line":51,"column":71}},"26":{"start":{"line":53,"column":4},"end":{"line":53,"column":23}},"27":{"start":{"line":56,"column":0},"end":{"line":62,"column":3}},"28":{"start":{"line":57,"column":21},"end":{"line":57,"column":68}},"29":{"start":{"line":59,"column":4},"end":{"line":59,"column":71}},"30":{"start":{"line":59,"column":19},"end":{"line":59,"column":71}},"31":{"start":{"line":61,"column":4},"end":{"line":61,"column":23}},"32":{"start":{"line":64,"column":0},"end":{"line":64,"column":24}}},"fnMap":{"0":{"name":"(anonymous_0)","decl":{"start":{"line":6,"column":15},"end":{"line":6,"column":16}},"loc":{"start":{"line":6,"column":35},"end":{"line":10,"column":1}},"line":6},"1":{"name":"(anonymous_1)","decl":{"start":{"line":12,"column":19},"end":{"line":12,"column":20}},"loc":{"start":{"line":12,"column":39},"end":{"line":18,"column":1}},"line":12},"2":{"name":"(anonymous_2)","decl":{"start":{"line":20,"column":22},"end":{"line":20,"column":23}},"loc":{"start":{"line":20,"column":42},"end":{"line":36,"column":1}},"line":20},"3":{"name":"(anonymous_3)","decl":{"start":{"line":38,"column":25},"end":{"line":38,"column":26}},"loc":{"start":{"line":38,"column":45},"end":{"line":54,"column":1}},"line":38},"4":{"name":"(anonymous_4)","decl":{"start":{"line":56,"column":28},"end":{"line":56,"column":29}},"loc":{"start":{"line":56,"column":48},"end":{"line":62,"column":1}},"line":56}},"branchMap":{"0":{"loc":{"start":{"line":15,"column":4},"end":{"line":15,"column":79}},"type":"if","locations":[{"start":{"line":15,"column":4},"end":{"line":15,"column":79}},{"start":{"line":15,"column":4},"end":{"line":15,"column":79}}],"line":15},"1":{"loc":{"start":{"line":25,"column":4},"end":{"line":25,"column":69}},"type":"if","locations":[{"start":{"line":25,"column":4},"end":{"line":25,"column":69}},{"start":{"line":25,"column":4},"end":{"line":25,"column":69}}],"line":25},"2":{"loc":{"start":{"line":40,"column":4},"end":{"line":40,"column":69}},"type":"if","locations":[{"start":{"line":40,"column":4},"end":{"line":40,"column":69}},{"start":{"line":40,"column":4},"end":{"line":40,"column":69}}],"line":40},"3":{"loc":{"start":{"line":51,"column":4},"end":{"line":51,"column":71}},"type":"if","locations":[{"start":{"line":51,"column":4},"end":{"line":51,"column":71}},{"start":{"line":51,"column":4},"end":{"line":51,"column":71}}],"line":51},"4":{"loc":{"start":{"line":59,"column":4},"end":{"line":59,"column":71}},"type":"if","locations":[{"start":{"line":59,"column":4},"end":{"line":59,"column":71}},{"start":{"line":59,"column":4},"end":{"line":59,"column":71}}],"line":59}},"s":{"0":3,"1":3,"2":3,"3":3,"4":3,"5":0,"6":0,"7":3,"8":0,"9":0,"10":0,"11":0,"12":3,"13":0,"14":0,"15":0,"16":0,"17":0,"18":0,"19":3,"20":0,"21":0,"22":0,"23":0,"24":0,"25":0,"26":0,"27":3,"28":0,"29":0,"30":0,"31":0,"32":3},"f":{"0":0,"1":0,"2":0,"3":0,"4":0},"b":{"0":[0,0],"1":[0,0],"2":[0,0],"3":[0,0],"4":[0,0]},"_coverageSchema":"43e27e138ebf9cfc5966b082cf9a028302ed4184","hash":"96132d685d670b5c2832254bdc21c308da7288b2"}
,"C:\\Users\\mattp\\Documents\\Dev\\Vidly_Node.js\\routes\\genres.js": {"path":"C:\\Users\\mattp\\Documents\\Dev\\Vidly_Node.js\\routes\\genres.js","statementMap":{"0":{"start":{"line":1,"column":16},"end":{"line":1,"column":34}},"1":{"start":{"line":2,"column":15},"end":{"line":2,"column":31}},"2":{"start":{"line":3,"column":28},"end":{"line":3,"column":54}},"3":{"start":{"line":4,"column":13},"end":{"line":4,"column":42}},"4":{"start":{"line":5,"column":14},"end":{"line":5,"column":44}},"5":{"start":{"line":6,"column":25},"end":{"line":6,"column":66}},"6":{"start":{"line":8,"column":0},"end":{"line":12,"column":3}},"7":{"start":{"line":10,"column":23},"end":{"line":10,"column":54}},"8":{"start":{"line":11,"column":8},"end":{"line":11,"column":25}},"9":{"start":{"line":14,"column":0},"end":{"line":20,"column":3}},"10":{"start":{"line":15,"column":18},"end":{"line":15,"column":53}},"11":{"start":{"line":17,"column":4},"end":{"line":17,"column":72}},"12":{"start":{"line":17,"column":16},"end":{"line":17,"column":72}},"13":{"start":{"line":19,"column":4},"end":{"line":19,"column":20}},"14":{"start":{"line":22,"column":0},"end":{"line":33,"column":3}},"15":{"start":{"line":23,"column":22},"end":{"line":23,"column":40}},"16":{"start":{"line":24,"column":4},"end":{"line":24,"column":68}},"17":{"start":{"line":24,"column":14},"end":{"line":24,"column":68}},"18":{"start":{"line":26,"column":19},"end":{"line":28,"column":6}},"19":{"start":{"line":30,"column":4},"end":{"line":30,"column":37}},"20":{"start":{"line":32,"column":4},"end":{"line":32,"column":23}},"21":{"start":{"line":35,"column":0},"end":{"line":47,"column":3}},"22":{"start":{"line":36,"column":22},"end":{"line":36,"column":40}},"23":{"start":{"line":37,"column":4},"end":{"line":37,"column":69}},"24":{"start":{"line":37,"column":15},"end":{"line":37,"column":69}},"25":{"start":{"line":39,"column":16},"end":{"line":42,"column":5}},"26":{"start":{"line":44,"column":4},"end":{"line":44,"column":72}},"27":{"start":{"line":44,"column":16},"end":{"line":44,"column":72}},"28":{"start":{"line":46,"column":4},"end":{"line":46,"column":20}},"29":{"start":{"line":49,"column":0},"end":{"line":55,"column":3}},"30":{"start":{"line":50,"column":18},"end":{"line":50,"column":62}},"31":{"start":{"line":52,"column":4},"end":{"line":52,"column":72}},"32":{"start":{"line":52,"column":16},"end":{"line":52,"column":72}},"33":{"start":{"line":54,"column":4},"end":{"line":54,"column":20}},"34":{"start":{"line":57,"column":0},"end":{"line":57,"column":24}}},"fnMap":{"0":{"name":"(anonymous_0)","decl":{"start":{"line":8,"column":15},"end":{"line":8,"column":16}},"loc":{"start":{"line":8,"column":35},"end":{"line":12,"column":1}},"line":8},"1":{"name":"(anonymous_1)","decl":{"start":{"line":14,"column":37},"end":{"line":14,"column":38}},"loc":{"start":{"line":14,"column":57},"end":{"line":20,"column":1}},"line":14},"2":{"name":"(anonymous_2)","decl":{"start":{"line":22,"column":22},"end":{"line":22,"column":23}},"loc":{"start":{"line":22,"column":42},"end":{"line":33,"column":1}},"line":22},"3":{"name":"(anonymous_3)","decl":{"start":{"line":35,"column":25},"end":{"line":35,"column":26}},"loc":{"start":{"line":35,"column":45},"end":{"line":47,"column":1}},"line":35},"4":{"name":"(anonymous_4)","decl":{"start":{"line":49,"column":37},"end":{"line":49,"column":38}},"loc":{"start":{"line":49,"column":57},"end":{"line":55,"column":1}},"line":49}},"branchMap":{"0":{"loc":{"start":{"line":17,"column":4},"end":{"line":17,"column":72}},"type":"if","locations":[{"start":{"line":17,"column":4},"end":{"line":17,"column":72}},{"start":{"line":17,"column":4},"end":{"line":17,"column":72}}],"line":17},"1":{"loc":{"start":{"line":24,"column":4},"end":{"line":24,"column":68}},"type":"if","locations":[{"start":{"line":24,"column":4},"end":{"line":24,"column":68}},{"start":{"line":24,"column":4},"end":{"line":24,"column":68}}],"line":24},"2":{"loc":{"start":{"line":37,"column":4},"end":{"line":37,"column":69}},"type":"if","locations":[{"start":{"line":37,"column":4},"end":{"line":37,"column":69}},{"start":{"line":37,"column":4},"end":{"line":37,"column":69}}],"line":37},"3":{"loc":{"start":{"line":44,"column":4},"end":{"line":44,"column":72}},"type":"if","locations":[{"start":{"line":44,"column":4},"end":{"line":44,"column":72}},{"start":{"line":44,"column":4},"end":{"line":44,"column":72}}],"line":44},"4":{"loc":{"start":{"line":52,"column":4},"end":{"line":52,"column":72}},"type":"if","locations":[{"start":{"line":52,"column":4},"end":{"line":52,"column":72}},{"start":{"line":52,"column":4},"end":{"line":52,"column":72}}],"line":52}},"s":{"0":3,"1":3,"2":3,"3":3,"4":3,"5":3,"6":3,"7":1,"8":1,"9":3,"10":1,"11":1,"12":0,"13":1,"14":3,"15":5,"16":5,"17":2,"18":3,"19":3,"20":3,"21":3,"22":0,"23":0,"24":0,"25":0,"26":0,"27":0,"28":0,"29":3,"30":0,"31":0,"32":0,"33":0,"34":3},"f":{"0":1,"1":1,"2":5,"3":0,"4":0},"b":{"0":[0,1],"1":[2,3],"2":[0,0],"3":[0,0],"4":[0,0]},"_coverageSchema":"43e27e138ebf9cfc5966b082cf9a028302ed4184","hash":"a571b14b1eecb438b89ed4bb2140a278cccac59d"}
,"C:\\Users\\mattp\\Documents\\Dev\\Vidly_Node.js\\routes\\movies.js": {"path":"C:\\Users\\mattp\\Documents\\Dev\\Vidly_Node.js\\routes\\movies.js","statementMap":{"0":{"start":{"line":1,"column":16},"end":{"line":1,"column":34}},"1":{"start":{"line":2,"column":15},"end":{"line":2,"column":31}},"2":{"start":{"line":3,"column":28},"end":{"line":3,"column":54}},"3":{"start":{"line":4,"column":18},"end":{"line":4,"column":44}},"4":{"start":{"line":5,"column":13},"end":{"line":5,"column":42}},"5":{"start":{"line":8,"column":0},"end":{"line":11,"column":3}},"6":{"start":{"line":9,"column":19},"end":{"line":9,"column":37}},"7":{"start":{"line":10,"column":4},"end":{"line":10,"column":21}},"8":{"start":{"line":13,"column":0},"end":{"line":19,"column":3}},"9":{"start":{"line":14,"column":18},"end":{"line":14,"column":53}},"10":{"start":{"line":16,"column":4},"end":{"line":16,"column":72}},"11":{"start":{"line":16,"column":16},"end":{"line":16,"column":72}},"12":{"start":{"line":18,"column":4},"end":{"line":18,"column":20}},"13":{"start":{"line":21,"column":0},"end":{"line":41,"column":3}},"14":{"start":{"line":22,"column":22},"end":{"line":22,"column":40}},"15":{"start":{"line":23,"column":4},"end":{"line":23,"column":68}},"16":{"start":{"line":23,"column":14},"end":{"line":23,"column":68}},"17":{"start":{"line":25,"column":18},"end":{"line":25,"column":56}},"18":{"start":{"line":26,"column":4},"end":{"line":26,"column":78}},"19":{"start":{"line":26,"column":15},"end":{"line":26,"column":78}},"20":{"start":{"line":28,"column":21},"end":{"line":36,"column":6}},"21":{"start":{"line":38,"column":4},"end":{"line":38,"column":26}},"22":{"start":{"line":40,"column":4},"end":{"line":40,"column":23}},"23":{"start":{"line":43,"column":0},"end":{"line":66,"column":3}},"24":{"start":{"line":44,"column":22},"end":{"line":44,"column":40}},"25":{"start":{"line":45,"column":4},"end":{"line":45,"column":69}},"26":{"start":{"line":45,"column":15},"end":{"line":45,"column":69}},"27":{"start":{"line":47,"column":18},"end":{"line":47,"column":56}},"28":{"start":{"line":48,"column":4},"end":{"line":48,"column":78}},"29":{"start":{"line":48,"column":15},"end":{"line":48,"column":78}},"30":{"start":{"line":50,"column":16},"end":{"line":61,"column":5}},"31":{"start":{"line":63,"column":4},"end":{"line":63,"column":72}},"32":{"start":{"line":63,"column":16},"end":{"line":63,"column":72}},"33":{"start":{"line":65,"column":4},"end":{"line":65,"column":20}},"34":{"start":{"line":68,"column":0},"end":{"line":74,"column":3}},"35":{"start":{"line":69,"column":18},"end":{"line":69,"column":62}},"36":{"start":{"line":71,"column":4},"end":{"line":71,"column":72}},"37":{"start":{"line":71,"column":16},"end":{"line":71,"column":72}},"38":{"start":{"line":73,"column":4},"end":{"line":73,"column":20}},"39":{"start":{"line":76,"column":0},"end":{"line":76,"column":24}}},"fnMap":{"0":{"name":"(anonymous_0)","decl":{"start":{"line":8,"column":15},"end":{"line":8,"column":16}},"loc":{"start":{"line":8,"column":35},"end":{"line":11,"column":1}},"line":8},"1":{"name":"(anonymous_1)","decl":{"start":{"line":13,"column":19},"end":{"line":13,"column":20}},"loc":{"start":{"line":13,"column":39},"end":{"line":19,"column":1}},"line":13},"2":{"name":"(anonymous_2)","decl":{"start":{"line":21,"column":22},"end":{"line":21,"column":23}},"loc":{"start":{"line":21,"column":42},"end":{"line":41,"column":1}},"line":21},"3":{"name":"(anonymous_3)","decl":{"start":{"line":43,"column":25},"end":{"line":43,"column":26}},"loc":{"start":{"line":43,"column":45},"end":{"line":66,"column":1}},"line":43},"4":{"name":"(anonymous_4)","decl":{"start":{"line":68,"column":28},"end":{"line":68,"column":29}},"loc":{"start":{"line":68,"column":48},"end":{"line":74,"column":1}},"line":68}},"branchMap":{"0":{"loc":{"start":{"line":16,"column":4},"end":{"line":16,"column":72}},"type":"if","locations":[{"start":{"line":16,"column":4},"end":{"line":16,"column":72}},{"start":{"line":16,"column":4},"end":{"line":16,"column":72}}],"line":16},"1":{"loc":{"start":{"line":23,"column":4},"end":{"line":23,"column":68}},"type":"if","locations":[{"start":{"line":23,"column":4},"end":{"line":23,"column":68}},{"start":{"line":23,"column":4},"end":{"line":23,"column":68}}],"line":23},"2":{"loc":{"start":{"line":26,"column":4},"end":{"line":26,"column":78}},"type":"if","locations":[{"start":{"line":26,"column":4},"end":{"line":26,"column":78}},{"start":{"line":26,"column":4},"end":{"line":26,"column":78}}],"line":26},"3":{"loc":{"start":{"line":45,"column":4},"end":{"line":45,"column":69}},"type":"if","locations":[{"start":{"line":45,"column":4},"end":{"line":45,"column":69}},{"start":{"line":45,"column":4},"end":{"line":45,"column":69}}],"line":45},"4":{"loc":{"start":{"line":48,"column":4},"end":{"line":48,"column":78}},"type":"if","locations":[{"start":{"line":48,"column":4},"end":{"line":48,"column":78}},{"start":{"line":48,"column":4},"end":{"line":48,"column":78}}],"line":48},"5":{"loc":{"start":{"line":63,"column":4},"end":{"line":63,"column":72}},"type":"if","locations":[{"start":{"line":63,"column":4},"end":{"line":63,"column":72}},{"start":{"line":63,"column":4},"end":{"line":63,"column":72}}],"line":63},"6":{"loc":{"start":{"line":71,"column":4},"end":{"line":71,"column":72}},"type":"if","locations":[{"start":{"line":71,"column":4},"end":{"line":71,"column":72}},{"start":{"line":71,"column":4},"end":{"line":71,"column":72}}],"line":71}},"s":{"0":3,"1":3,"2":3,"3":3,"4":3,"5":3,"6":0,"7":0,"8":3,"9":0,"10":0,"11":0,"12":0,"13":3,"14":0,"15":0,"16":0,"17":0,"18":0,"19":0,"20":0,"21":0,"22":0,"23":3,"24":0,"25":0,"26":0,"27":0,"28":0,"29":0,"30":0,"31":0,"32":0,"33":0,"34":3,"35":0,"36":0,"37":0,"38":0,"39":3},"f":{"0":0,"1":0,"2":0,"3":0,"4":0},"b":{"0":[0,0],"1":[0,0],"2":[0,0],"3":[0,0],"4":[0,0],"5":[0,0],"6":[0,0]},"_coverageSchema":"43e27e138ebf9cfc5966b082cf9a028302ed4184","hash":"b67f21f3f6d71e4ec4a63334c0f19f43c1b0cec9"}
,"C:\\Users\\mattp\\Documents\\Dev\\Vidly_Node.js\\routes\\rentals.js": {"path":"C:\\Users\\mattp\\Documents\\Dev\\Vidly_Node.js\\routes\\rentals.js","statementMap":{"0":{"start":{"line":1,"column":16},"end":{"line":1,"column":34}},"1":{"start":{"line":2,"column":15},"end":{"line":2,"column":31}},"2":{"start":{"line":3,"column":29},"end":{"line":3,"column":56}},"3":{"start":{"line":4,"column":18},"end":{"line":4,"column":44}},"4":{"start":{"line":5,"column":21},"end":{"line":5,"column":50}},"5":{"start":{"line":6,"column":13},"end":{"line":6,"column":28}},"6":{"start":{"line":7,"column":17},"end":{"line":7,"column":36}},"7":{"start":{"line":8,"column":13},"end":{"line":8,"column":42}},"8":{"start":{"line":10,"column":0},"end":{"line":10,"column":20}},"9":{"start":{"line":12,"column":0},"end":{"line":15,"column":3}},"10":{"start":{"line":13,"column":20},"end":{"line":13,"column":56}},"11":{"start":{"line":14,"column":4},"end":{"line":14,"column":22}},"12":{"start":{"line":17,"column":0},"end":{"line":23,"column":3}},"13":{"start":{"line":18,"column":19},"end":{"line":18,"column":55}},"14":{"start":{"line":20,"column":4},"end":{"line":20,"column":75}},"15":{"start":{"line":20,"column":17},"end":{"line":20,"column":75}},"16":{"start":{"line":22,"column":4},"end":{"line":22,"column":21}},"17":{"start":{"line":25,"column":0},"end":{"line":63,"column":3}},"18":{"start":{"line":26,"column":22},"end":{"line":26,"column":40}},"19":{"start":{"line":27,"column":4},"end":{"line":27,"column":68}},"20":{"start":{"line":27,"column":14},"end":{"line":27,"column":68}},"21":{"start":{"line":29,"column":21},"end":{"line":29,"column":65}},"22":{"start":{"line":30,"column":4},"end":{"line":30,"column":86}},"23":{"start":{"line":30,"column":19},"end":{"line":30,"column":86}},"24":{"start":{"line":32,"column":18},"end":{"line":32,"column":56}},"25":{"start":{"line":33,"column":4},"end":{"line":33,"column":80}},"26":{"start":{"line":33,"column":16},"end":{"line":33,"column":80}},"27":{"start":{"line":35,"column":4},"end":{"line":35,"column":84}},"28":{"start":{"line":35,"column":35},"end":{"line":35,"column":84}},"29":{"start":{"line":37,"column":22},"end":{"line":48,"column":6}},"30":{"start":{"line":50,"column":4},"end":{"line":62,"column":5}},"31":{"start":{"line":51,"column":8},"end":{"line":56,"column":19}},"32":{"start":{"line":58,"column":8},"end":{"line":58,"column":28}},"33":{"start":{"line":61,"column":8},"end":{"line":61,"column":50}},"34":{"start":{"line":65,"column":0},"end":{"line":65,"column":24}}},"fnMap":{"0":{"name":"(anonymous_0)","decl":{"start":{"line":12,"column":15},"end":{"line":12,"column":16}},"loc":{"start":{"line":12,"column":35},"end":{"line":15,"column":1}},"line":12},"1":{"name":"(anonymous_1)","decl":{"start":{"line":17,"column":19},"end":{"line":17,"column":20}},"loc":{"start":{"line":17,"column":39},"end":{"line":23,"column":1}},"line":17},"2":{"name":"(anonymous_2)","decl":{"start":{"line":25,"column":22},"end":{"line":25,"column":23}},"loc":{"start":{"line":25,"column":42},"end":{"line":63,"column":1}},"line":25}},"branchMap":{"0":{"loc":{"start":{"line":20,"column":4},"end":{"line":20,"column":75}},"type":"if","locations":[{"start":{"line":20,"column":4},"end":{"line":20,"column":75}},{"start":{"line":20,"column":4},"end":{"line":20,"column":75}}],"line":20},"1":{"loc":{"start":{"line":27,"column":4},"end":{"line":27,"column":68}},"type":"if","locations":[{"start":{"line":27,"column":4},"end":{"line":27,"column":68}},{"start":{"line":27,"column":4},"end":{"line":27,"column":68}}],"line":27},"2":{"loc":{"start":{"line":30,"column":4},"end":{"line":30,"column":86}},"type":"if","locations":[{"start":{"line":30,"column":4},"end":{"line":30,"column":86}},{"start":{"line":30,"column":4},"end":{"line":30,"column":86}}],"line":30},"3":{"loc":{"start":{"line":33,"column":4},"end":{"line":33,"column":80}},"type":"if","locations":[{"start":{"line":33,"column":4},"end":{"line":33,"column":80}},{"start":{"line":33,"column":4},"end":{"line":33,"column":80}}],"line":33},"4":{"loc":{"start":{"line":35,"column":4},"end":{"line":35,"column":84}},"type":"if","locations":[{"start":{"line":35,"column":4},"end":{"line":35,"column":84}},{"start":{"line":35,"column":4},"end":{"line":35,"column":84}}],"line":35}},"s":{"0":3,"1":3,"2":3,"3":3,"4":3,"5":3,"6":3,"7":3,"8":3,"9":3,"10":0,"11":0,"12":3,"13":0,"14":0,"15":0,"16":0,"17":3,"18":0,"19":0,"20":0,"21":0,"22":0,"23":0,"24":0,"25":0,"26":0,"27":0,"28":0,"29":0,"30":0,"31":0,"32":0,"33":0,"34":3},"f":{"0":0,"1":0,"2":0},"b":{"0":[0,0],"1":[0,0],"2":[0,0],"3":[0,0],"4":[0,0]},"_coverageSchema":"43e27e138ebf9cfc5966b082cf9a028302ed4184","hash":"156a61fdb9d4c8ed4365c846753efdd04c9925a7"}
,"C:\\Users\\mattp\\Documents\\Dev\\Vidly_Node.js\\routes\\returns.js": {"path":"C:\\Users\\mattp\\Documents\\Dev\\Vidly_Node.js\\routes\\returns.js","statementMap":{"0":{"start":{"line":1,"column":16},"end":{"line":1,"column":34}},"1":{"start":{"line":2,"column":15},"end":{"line":2,"column":31}},"2":{"start":{"line":3,"column":19},"end":{"line":3,"column":46}},"3":{"start":{"line":4,"column":18},"end":{"line":4,"column":44}},"4":{"start":{"line":5,"column":13},"end":{"line":5,"column":42}},"5":{"start":{"line":6,"column":15},"end":{"line":6,"column":32}},"6":{"start":{"line":7,"column":12},"end":{"line":7,"column":26}},"7":{"start":{"line":8,"column":17},"end":{"line":8,"column":50}},"8":{"start":{"line":10,"column":0},"end":{"line":25,"column":3}},"9":{"start":{"line":11,"column":19},"end":{"line":11,"column":77}},"10":{"start":{"line":13,"column":4},"end":{"line":13,"column":65}},"11":{"start":{"line":13,"column":17},"end":{"line":13,"column":65}},"12":{"start":{"line":15,"column":4},"end":{"line":15,"column":84}},"13":{"start":{"line":15,"column":29},"end":{"line":15,"column":84}},"14":{"start":{"line":17,"column":4},"end":{"line":17,"column":20}},"15":{"start":{"line":18,"column":4},"end":{"line":18,"column":24}},"16":{"start":{"line":20,"column":4},"end":{"line":22,"column":7}},"17":{"start":{"line":24,"column":4},"end":{"line":24,"column":40}},"18":{"start":{"line":28,"column":19},"end":{"line":31,"column":5}},"19":{"start":{"line":33,"column":4},"end":{"line":33,"column":37}},"20":{"start":{"line":36,"column":0},"end":{"line":36,"column":24}}},"fnMap":{"0":{"name":"(anonymous_0)","decl":{"start":{"line":10,"column":51},"end":{"line":10,"column":52}},"loc":{"start":{"line":10,"column":71},"end":{"line":25,"column":1}},"line":10},"1":{"name":"validateReturn","decl":{"start":{"line":27,"column":9},"end":{"line":27,"column":23}},"loc":{"start":{"line":27,"column":29},"end":{"line":34,"column":1}},"line":27}},"branchMap":{"0":{"loc":{"start":{"line":13,"column":4},"end":{"line":13,"column":65}},"type":"if","locations":[{"start":{"line":13,"column":4},"end":{"line":13,"column":65}},{"start":{"line":13,"column":4},"end":{"line":13,"column":65}}],"line":13},"1":{"loc":{"start":{"line":15,"column":4},"end":{"line":15,"column":84}},"type":"if","locations":[{"start":{"line":15,"column":4},"end":{"line":15,"column":84}},{"start":{"line":15,"column":4},"end":{"line":15,"column":84}}],"line":15}},"s":{"0":3,"1":3,"2":3,"3":3,"4":3,"5":3,"6":3,"7":3,"8":1,"9":7,"10":7,"11":1,"12":6,"13":1,"14":5,"15":5,"16":5,"17":5,"18":9,"19":11,"20":1},"f":{"0":7,"1":9},"b":{"0":[1,6],"1":[1,5]},"_coverageSchema":"43e27e138ebf9cfc5966b082cf9a028302ed4184","hash":"36adff12efd71d0613d77f5c9b7f4c5b63fa2cf6"}
,"C:\\Users\\mattp\\Documents\\Dev\\Vidly_Node.js\\routes\\users.js": {"path":"C:\\Users\\mattp\\Documents\\Dev\\Vidly_Node.js\\routes\\users.js","statementMap":{"0":{"start":{"line":1,"column":10},"end":{"line":1,"column":27}},"1":{"start":{"line":2,"column":15},"end":{"line":2,"column":32}},"2":{"start":{"line":3,"column":27},"end":{"line":3,"column":52}},"3":{"start":{"line":4,"column":16},"end":{"line":4,"column":34}},"4":{"start":{"line":5,"column":15},"end":{"line":5,"column":31}},"5":{"start":{"line":6,"column":13},"end":{"line":6,"column":42}},"6":{"start":{"line":8,"column":0},"end":{"line":11,"column":3}},"7":{"start":{"line":9,"column":17},"end":{"line":9,"column":70}},"8":{"start":{"line":10,"column":4},"end":{"line":10,"column":19}},"9":{"start":{"line":13,"column":0},"end":{"line":27,"column":3}},"10":{"start":{"line":14,"column":22},"end":{"line":14,"column":40}},"11":{"start":{"line":15,"column":4},"end":{"line":15,"column":68}},"12":{"start":{"line":15,"column":14},"end":{"line":15,"column":68}},"13":{"start":{"line":17,"column":15},"end":{"line":17,"column":58}},"14":{"start":{"line":18,"column":4},"end":{"line":18,"column":79}},"15":{"start":{"line":18,"column":14},"end":{"line":18,"column":79}},"16":{"start":{"line":20,"column":4},"end":{"line":20,"column":76}},"17":{"start":{"line":21,"column":17},"end":{"line":21,"column":41}},"18":{"start":{"line":22,"column":4},"end":{"line":22,"column":59}},"19":{"start":{"line":23,"column":4},"end":{"line":23,"column":22}},"20":{"start":{"line":25,"column":18},"end":{"line":25,"column":42}},"21":{"start":{"line":26,"column":4},"end":{"line":26,"column":94}},"22":{"start":{"line":29,"column":0},"end":{"line":29,"column":24}}},"fnMap":{"0":{"name":"(anonymous_0)","decl":{"start":{"line":8,"column":24},"end":{"line":8,"column":25}},"loc":{"start":{"line":8,"column":44},"end":{"line":11,"column":1}},"line":8},"1":{"name":"(anonymous_1)","decl":{"start":{"line":13,"column":22},"end":{"line":13,"column":23}},"loc":{"start":{"line":13,"column":42},"end":{"line":27,"column":1}},"line":13}},"branchMap":{"0":{"loc":{"start":{"line":15,"column":4},"end":{"line":15,"column":68}},"type":"if","locations":[{"start":{"line":15,"column":4},"end":{"line":15,"column":68}},{"start":{"line":15,"column":4},"end":{"line":15,"column":68}}],"line":15},"1":{"loc":{"start":{"line":18,"column":4},"end":{"line":18,"column":79}},"type":"if","locations":[{"start":{"line":18,"column":4},"end":{"line":18,"column":79}},{"start":{"line":18,"column":4},"end":{"line":18,"column":79}}],"line":18}},"s":{"0":3,"1":3,"2":3,"3":3,"4":3,"5":3,"6":3,"7":0,"8":0,"9":3,"10":0,"11":0,"12":0,"13":0,"14":0,"15":0,"16":0,"17":0,"18":0,"19":0,"20":0,"21":0,"22":3},"f":{"0":0,"1":0},"b":{"0":[0,0],"1":[0,0]},"_coverageSchema":"43e27e138ebf9cfc5966b082cf9a028302ed4184","hash":"c1762a3601e61db569e084547349f36cb0e50252"}
,"C:\\Users\\mattp\\Documents\\Dev\\Vidly_Node.js\\startup\\config.js": {"path":"C:\\Users\\mattp\\Documents\\Dev\\Vidly_Node.js\\startup\\config.js","statementMap":{"0":{"start":{"line":1,"column":15},"end":{"line":1,"column":32}},"1":{"start":{"line":3,"column":0},"end":{"line":7,"column":1}},"2":{"start":{"line":4,"column":4},"end":{"line":6,"column":5}},"3":{"start":{"line":5,"column":8},"end":{"line":5,"column":70}}},"fnMap":{"0":{"name":"(anonymous_0)","decl":{"start":{"line":3,"column":17},"end":{"line":3,"column":18}},"loc":{"start":{"line":3,"column":28},"end":{"line":7,"column":1}},"line":3}},"branchMap":{"0":{"loc":{"start":{"line":4,"column":4},"end":{"line":6,"column":5}},"type":"if","locations":[{"start":{"line":4,"column":4},"end":{"line":6,"column":5}},{"start":{"line":4,"column":4},"end":{"line":6,"column":5}}],"line":4}},"s":{"0":3,"1":3,"2":3,"3":0},"f":{"0":3},"b":{"0":[0,3]},"_coverageSchema":"43e27e138ebf9cfc5966b082cf9a028302ed4184","hash":"874e6d8ffb4d3c6375b196b9cc0b87fc6e7d5e04"}
,"C:\\Users\\mattp\\Documents\\Dev\\Vidly_Node.js\\startup\\db.js": {"path":"C:\\Users\\mattp\\Documents\\Dev\\Vidly_Node.js\\startup\\db.js","statementMap":{"0":{"start":{"line":1,"column":17},"end":{"line":1,"column":36}},"1":{"start":{"line":2,"column":16},"end":{"line":2,"column":34}},"2":{"start":{"line":3,"column":15},"end":{"line":3,"column":32}},"3":{"start":{"line":5,"column":0},"end":{"line":9,"column":1}},"4":{"start":{"line":6,"column":15},"end":{"line":6,"column":31}},"5":{"start":{"line":7,"column":4},"end":{"line":8,"column":59}},"6":{"start":{"line":8,"column":20},"end":{"line":8,"column":57}}},"fnMap":{"0":{"name":"(anonymous_0)","decl":{"start":{"line":5,"column":17},"end":{"line":5,"column":18}},"loc":{"start":{"line":5,"column":28},"end":{"line":9,"column":1}},"line":5},"1":{"name":"(anonymous_1)","decl":{"start":{"line":8,"column":14},"end":{"line":8,"column":15}},"loc":{"start":{"line":8,"column":20},"end":{"line":8,"column":57}},"line":8}},"branchMap":{},"s":{"0":3,"1":3,"2":3,"3":3,"4":3,"5":3,"6":3},"f":{"0":3,"1":3},"b":{},"_coverageSchema":"43e27e138ebf9cfc5966b082cf9a028302ed4184","hash":"061aaa0cf53c47bbcc8a848a4cd4a8d12cf3790a"}
,"C:\\Users\\mattp\\Documents\\Dev\\Vidly_Node.js\\startup\\logging.js": {"path":"C:\\Users\\mattp\\Documents\\Dev\\Vidly_Node.js\\startup\\logging.js","statementMap":{"0":{"start":{"line":1,"column":16},"end":{"line":1,"column":34}},"1":{"start":{"line":3,"column":0},"end":{"line":3,"column":32}},"2":{"start":{"line":5,"column":0},"end":{"line":41,"column":1}},"3":{"start":{"line":18,"column":4},"end":{"line":20,"column":79}},"4":{"start":{"line":22,"column":4},"end":{"line":24,"column":7}},"5":{"start":{"line":23,"column":8},"end":{"line":23,"column":17}},"6":{"start":{"line":26,"column":4},"end":{"line":26,"column":50}},"7":{"start":{"line":27,"column":4},"end":{"line":27,"column":74}}},"fnMap":{"0":{"name":"(anonymous_0)","decl":{"start":{"line":5,"column":17},"end":{"line":5,"column":18}},"loc":{"start":{"line":5,"column":28},"end":{"line":41,"column":1}},"line":5},"1":{"name":"(anonymous_1)","decl":{"start":{"line":22,"column":37},"end":{"line":22,"column":38}},"loc":{"start":{"line":22,"column":45},"end":{"line":24,"column":5}},"line":22}},"branchMap":{},"s":{"0":3,"1":3,"2":3,"3":3,"4":3,"5":0,"6":3,"7":3},"f":{"0":3,"1":0},"b":{},"_coverageSchema":"43e27e138ebf9cfc5966b082cf9a028302ed4184","hash":"296e7cd621f1f46591ca7a5f79830c652c472ec9"}
,"C:\\Users\\mattp\\Documents\\Dev\\Vidly_Node.js\\startup\\routes.js": {"path":"C:\\Users\\mattp\\Documents\\Dev\\Vidly_Node.js\\startup\\routes.js","statementMap":{"0":{"start":{"line":1,"column":20},"end":{"line":1,"column":47}},"1":{"start":{"line":2,"column":23},"end":{"line":2,"column":53}},"2":{"start":{"line":3,"column":20},"end":{"line":3,"column":47}},"3":{"start":{"line":4,"column":21},"end":{"line":4,"column":49}},"4":{"start":{"line":5,"column":19},"end":{"line":5,"column":45}},"5":{"start":{"line":6,"column":19},"end":{"line":6,"column":44}},"6":{"start":{"line":7,"column":22},"end":{"line":7,"column":50}},"7":{"start":{"line":8,"column":14},"end":{"line":8,"column":44}},"8":{"start":{"line":9,"column":16},"end":{"line":9,"column":34}},"9":{"start":{"line":13,"column":0},"end":{"line":23,"column":1}},"10":{"start":{"line":14,"column":4},"end":{"line":14,"column":28}},"11":{"start":{"line":15,"column":4},"end":{"line":15,"column":40}},"12":{"start":{"line":16,"column":4},"end":{"line":16,"column":46}},"13":{"start":{"line":17,"column":4},"end":{"line":17,"column":40}},"14":{"start":{"line":18,"column":4},"end":{"line":18,"column":42}},"15":{"start":{"line":19,"column":4},"end":{"line":19,"column":38}},"16":{"start":{"line":20,"column":4},"end":{"line":20,"column":37}},"17":{"start":{"line":21,"column":4},"end":{"line":21,"column":43}},"18":{"start":{"line":22,"column":4},"end":{"line":22,"column":19}}},"fnMap":{"0":{"name":"(anonymous_0)","decl":{"start":{"line":13,"column":17},"end":{"line":13,"column":18}},"loc":{"start":{"line":13,"column":31},"end":{"line":23,"column":1}},"line":13}},"branchMap":{},"s":{"0":3,"1":3,"2":3,"3":3,"4":3,"5":3,"6":3,"7":3,"8":3,"9":3,"10":3,"11":3,"12":3,"13":3,"14":3,"15":3,"16":3,"17":3,"18":3},"f":{"0":3},"b":{},"_coverageSchema":"43e27e138ebf9cfc5966b082cf9a028302ed4184","hash":"2dbb1cea8e9a15c337920e55c3e73d00be6aa4c9"}
,"C:\\Users\\mattp\\Documents\\Dev\\Vidly_Node.js\\startup\\validation.js": {"path":"C:\\Users\\mattp\\Documents\\Dev\\Vidly_Node.js\\startup\\validation.js","statementMap":{"0":{"start":{"line":1,"column":12},"end":{"line":1,"column":26}},"1":{"start":{"line":3,"column":0},"end":{"line":5,"column":1}},"2":{"start":{"line":4,"column":4},"end":{"line":4,"column":48}}},"fnMap":{"0":{"name":"(anonymous_0)","decl":{"start":{"line":3,"column":17},"end":{"line":3,"column":18}},"loc":{"start":{"line":3,"column":28},"end":{"line":5,"column":1}},"line":3}},"branchMap":{},"s":{"0":3,"1":3,"2":3},"f":{"0":3},"b":{},"_coverageSchema":"43e27e138ebf9cfc5966b082cf9a028302ed4184","hash":"2b6933b99a3060536f68edcf04f12b58c7726ca2"}
}
