TN:
SF:C:\Users\mattp\Documents\Dev\Vidly_Node.js\index.js
FN:13,(anonymous_0)
FNF:1
FNH:0
FNDA:0,(anonymous_0)
DA:1,3
DA:2,3
DA:3,3
DA:5,3
DA:6,3
DA:7,0
DA:8,0
DA:9,0
DA:11,0
DA:13,0
DA:15,0
LF:11
LH:5
BRDA:11,0,0,0
BRDA:11,0,1,0
BRF:2
BRH:0
end_of_record
TN:
SF:C:\Users\mattp\Documents\Dev\Vidly_Node.js\middleware\admin.js
FN:1,(anonymous_0)
FNF:1
FNH:0
FNDA:0,(anonymous_0)
DA:1,3
DA:2,0
DA:3,0
LF:3
LH:1
BRDA:2,0,0,0
BRDA:2,0,1,0
BRF:2
BRH:0
end_of_record
TN:
SF:C:\Users\mattp\Documents\Dev\Vidly_Node.js\middleware\auth.js
FN:4,auth
FNF:1
FNH:1
FNDA:1,auth
DA:1,4
DA:2,4
DA:5,1
DA:6,1
DA:8,1
DA:9,1
DA:10,1
DA:11,1
DA:14,0
DA:18,4
LF:10
LH:9
BRDA:6,0,0,0
BRDA:6,0,1,1
BRF:2
BRH:1
end_of_record
TN:
SF:C:\Users\mattp\Documents\Dev\Vidly_Node.js\middleware\error.js
FN:3,(anonymous_0)
FNF:1
FNH:0
FNDA:0,(anonymous_0)
DA:1,3
DA:3,3
DA:4,0
DA:5,0
DA:6,0
LF:5
LH:2
BRF:0
BRH:0
end_of_record
TN:
SF:C:\Users\mattp\Documents\Dev\Vidly_Node.js\middleware\validateObjectId.js
FN:3,(anonymous_0)
FNF:1
FNH:0
FNDA:0,(anonymous_0)
DA:1,3
DA:3,3
DA:4,0
DA:5,0
DA:6,0
LF:5
LH:2
BRDA:4,0,0,0
BRDA:4,0,1,0
BRF:2
BRH:0
end_of_record
TN:
SF:C:\Users\mattp\Documents\Dev\Vidly_Node.js\models\customer.js
FN:25,validateCustomer
FNF:1
FNH:0
FNDA:0,validateCustomer
DA:1,3
DA:2,3
DA:4,3
DA:23,3
DA:26,0
DA:32,0
DA:35,3
DA:36,3
DA:37,3
LF:9
LH:7
BRF:0
BRH:0
end_of_record
TN:
SF:C:\Users\mattp\Documents\Dev\Vidly_Node.js\models\genre.js
FN:15,validateGenre
FNF:1
FNH:0
FNDA:0,validateGenre
DA:1,3
DA:2,3
DA:4,3
DA:13,3
DA:16,0
DA:20,0
DA:23,3
DA:24,3
DA:25,3
LF:9
LH:7
BRF:0
BRH:0
end_of_record
TN:
SF:C:\Users\mattp\Documents\Dev\Vidly_Node.js\models\movie.js
FN:31,validateMovie
FNF:1
FNH:0
FNDA:0,validateMovie
DA:1,3
DA:2,3
DA:3,3
DA:5,3
DA:32,0
DA:39,0
DA:42,3
DA:43,3
LF:8
LH:6
BRF:0
BRH:0
end_of_record
TN:
SF:C:\Users\mattp\Documents\Dev\Vidly_Node.js\models\rental.js
FN:58,validateRental
FNF:1
FNH:0
FNDA:0,validateRental
DA:1,3
DA:2,3
DA:4,3
DA:59,0
DA:64,0
DA:67,3
DA:68,3
LF:7
LH:5
BRF:0
BRH:0
end_of_record
TN:
SF:C:\Users\mattp\Documents\Dev\Vidly_Node.js\models\user.js
FN:29,(anonymous_0)
FN:36,validateUser
FNF:2
FNH:1
FNDA:11,(anonymous_0)
FNDA:0,validateUser
DA:1,5
DA:2,5
DA:3,5
DA:4,5
DA:6,5
DA:29,5
DA:30,11
DA:31,11
DA:34,5
DA:37,0
DA:44,0
DA:47,5
DA:48,5
LF:13
LH:11
BRF:0
BRH:0
end_of_record
TN:
SF:C:\Users\mattp\Documents\Dev\Vidly_Node.js\routes\auth.js
FN:7,(anonymous_0)
FN:21,validate
FNF:2
FNH:0
FNDA:0,(anonymous_0)
FNDA:0,validate
DA:1,3
DA:2,3
DA:3,3
DA:4,3
DA:5,3
DA:7,3
DA:8,0
DA:9,0
DA:11,0
DA:12,0
DA:14,0
DA:15,0
DA:17,0
DA:18,0
DA:22,0
DA:27,0
DA:30,3
LF:17
LH:7
BRDA:9,0,0,0
BRDA:9,0,1,0
BRDA:12,1,0,0
BRDA:12,1,1,0
BRDA:15,2,0,0
BRDA:15,2,1,0
BRF:6
BRH:0
end_of_record
TN:
SF:C:\Users\mattp\Documents\Dev\Vidly_Node.js\routes\customers.js
FN:6,(anonymous_0)
FN:12,(anonymous_1)
FN:20,(anonymous_2)
FN:38,(anonymous_3)
FN:56,(anonymous_4)
FNF:5
FNH:0
FNDA:0,(anonymous_0)
FNDA:0,(anonymous_1)
FNDA:0,(anonymous_2)
FNDA:0,(anonymous_3)
FNDA:0,(anonymous_4)
DA:1,3
DA:2,3
DA:3,3
DA:4,3
DA:6,3
DA:7,0
DA:9,0
DA:12,3
DA:13,0
DA:15,0
DA:17,0
DA:20,3
DA:24,0
DA:25,0
DA:27,0
DA:33,0
DA:35,0
DA:38,3
DA:39,0
DA:40,0
DA:42,0
DA:51,0
DA:53,0
DA:56,3
DA:57,0
DA:59,0
DA:61,0
DA:64,3
LF:28
LH:10
BRDA:15,0,0,0
BRDA:15,0,1,0
BRDA:25,1,0,0
BRDA:25,1,1,0
BRDA:40,2,0,0
BRDA:40,2,1,0
BRDA:51,3,0,0
BRDA:51,3,1,0
BRDA:59,4,0,0
BRDA:59,4,1,0
BRF:10
BRH:0
end_of_record
TN:
SF:C:\Users\mattp\Documents\Dev\Vidly_Node.js\routes\genres.js
FN:8,(anonymous_0)
FN:14,(anonymous_1)
FN:22,(anonymous_2)
FN:35,(anonymous_3)
FN:49,(anonymous_4)
FNF:5
FNH:0
FNDA:0,(anonymous_0)
FNDA:0,(anonymous_1)
FNDA:0,(anonymous_2)
FNDA:0,(anonymous_3)
FNDA:0,(anonymous_4)
DA:1,3
DA:2,3
DA:3,3
DA:4,3
DA:5,3
DA:6,3
DA:8,3
DA:10,0
DA:11,0
DA:14,3
DA:15,0
DA:17,0
DA:19,0
DA:22,3
DA:23,0
DA:24,0
DA:26,0
DA:30,0
DA:32,0
DA:35,3
DA:36,0
DA:37,0
DA:39,0
DA:44,0
DA:46,0
DA:49,3
DA:50,0
DA:52,0
DA:54,0
DA:57,3
LF:30
LH:12
BRDA:17,0,0,0
BRDA:17,0,1,0
BRDA:24,1,0,0
BRDA:24,1,1,0
BRDA:37,2,0,0
BRDA:37,2,1,0
BRDA:44,3,0,0
BRDA:44,3,1,0
BRDA:52,4,0,0
BRDA:52,4,1,0
BRF:10
BRH:0
end_of_record
TN:
SF:C:\Users\mattp\Documents\Dev\Vidly_Node.js\routes\movies.js
FN:8,(anonymous_0)
FN:13,(anonymous_1)
FN:21,(anonymous_2)
FN:43,(anonymous_3)
FN:68,(anonymous_4)
FNF:5
FNH:0
FNDA:0,(anonymous_0)
FNDA:0,(anonymous_1)
FNDA:0,(anonymous_2)
FNDA:0,(anonymous_3)
FNDA:0,(anonymous_4)
DA:1,3
DA:2,3
DA:3,3
DA:4,3
DA:5,3
DA:8,3
DA:9,0
DA:10,0
DA:13,3
DA:14,0
DA:16,0
DA:18,0
DA:21,3
DA:22,0
DA:23,0
DA:25,0
DA:26,0
DA:28,0
DA:38,0
DA:40,0
DA:43,3
DA:44,0
DA:45,0
DA:47,0
DA:48,0
DA:50,0
DA:63,0
DA:65,0
DA:68,3
DA:69,0
DA:71,0
DA:73,0
DA:76,3
LF:33
LH:11
BRDA:16,0,0,0
BRDA:16,0,1,0
BRDA:23,1,0,0
BRDA:23,1,1,0
BRDA:26,2,0,0
BRDA:26,2,1,0
BRDA:45,3,0,0
BRDA:45,3,1,0
BRDA:48,4,0,0
BRDA:48,4,1,0
BRDA:63,5,0,0
BRDA:63,5,1,0
BRDA:71,6,0,0
BRDA:71,6,1,0
BRF:14
BRH:0
end_of_record
TN:
SF:C:\Users\mattp\Documents\Dev\Vidly_Node.js\routes\rentals.js
FN:12,(anonymous_0)
FN:17,(anonymous_1)
FN:25,(anonymous_2)
FNF:3
FNH:0
FNDA:0,(anonymous_0)
FNDA:0,(anonymous_1)
FNDA:0,(anonymous_2)
DA:1,3
DA:2,3
DA:3,3
DA:4,3
DA:5,3
DA:6,3
DA:7,3
DA:8,3
DA:10,3
DA:12,3
DA:13,0
DA:14,0
DA:17,3
DA:18,0
DA:20,0
DA:22,0
DA:25,3
DA:26,0
DA:27,0
DA:29,0
DA:30,0
DA:32,0
DA:33,0
DA:35,0
DA:37,0
DA:50,0
DA:51,0
DA:58,0
DA:61,0
DA:65,3
LF:30
LH:13
BRDA:20,0,0,0
BRDA:20,0,1,0
BRDA:27,1,0,0
BRDA:27,1,1,0
BRDA:30,2,0,0
BRDA:30,2,1,0
BRDA:33,3,0,0
BRDA:33,3,1,0
BRDA:35,4,0,0
BRDA:35,4,1,0
BRF:10
BRH:0
end_of_record
TN:
SF:C:\Users\mattp\Documents\Dev\Vidly_Node.js\routes\returns.js
FNF:0
FNH:0
LF:0
LH:0
BRF:0
BRH:0
end_of_record
TN:
SF:C:\Users\mattp\Documents\Dev\Vidly_Node.js\routes\users.js
FN:8,(anonymous_0)
FN:13,(anonymous_1)
FNF:2
FNH:0
FNDA:0,(anonymous_0)
FNDA:0,(anonymous_1)
DA:1,3
DA:2,3
DA:3,3
DA:4,3
DA:5,3
DA:6,3
DA:8,3
DA:9,0
DA:10,0
DA:13,3
DA:14,0
DA:15,0
DA:17,0
DA:18,0
DA:20,0
DA:21,0
DA:22,0
DA:23,0
DA:25,0
DA:26,0
DA:29,3
LF:21
LH:9
BRDA:15,0,0,0
BRDA:15,0,1,0
BRDA:18,1,0,0
BRDA:18,1,1,0
BRF:4
BRH:0
end_of_record
TN:
SF:C:\Users\mattp\Documents\Dev\Vidly_Node.js\startup\logging.js
FN:5,(anonymous_0)
FN:22,(anonymous_1)
FNF:2
FNH:1
FNDA:3,(anonymous_0)
FNDA:0,(anonymous_1)
DA:1,3
DA:3,3
DA:5,3
DA:18,3
DA:22,3
DA:23,0
DA:26,3
DA:27,3
LF:8
LH:7
BRF:0
BRH:0
end_of_record
TN:
SF:C:\Users\mattp\Documents\Dev\Vidly_Node.js\startup\routes.js
FN:13,(anonymous_0)
FNF:1
FNH:1
FNDA:3,(anonymous_0)
DA:1,3
DA:2,3
DA:3,3
DA:4,3
DA:5,3
DA:6,3
DA:7,3
DA:8,3
DA:9,3
DA:13,3
DA:14,3
DA:15,3
DA:16,3
DA:17,3
DA:18,3
DA:19,3
DA:20,3
DA:21,3
DA:22,0
LF:19
LH:18
BRF:0
BRH:0
end_of_record
